# JRE version: OpenJDK Runtime Environment (8.0_91-b14) (build 1.8.0_91-8u91-b14-0ubuntu4~16.04.1-b14)
# Java VM: OpenJDK 64-Bit Server VM (25.91-b14 mixed mode linux-amd64 compressed oops)
Heap:
 def new generation   total 13952K, used 1400K [0x00000000e6800000, 0x00000000e7720000, 0x00000000ef000000)
  eden space 12416K,  11% used [0x00000000e6800000, 0x00000000e695e238, 0x00000000e7420000)
  from space 1536K,   0% used [0x00000000e7420000, 0x00000000e7420000, 0x00000000e75a0000)
  to   space 1536K,   0% used [0x00000000e75a0000, 0x00000000e75a0000, 0x00000000e7720000)
 tenured generation   total 34968K, used 34968K [0x00000000ef000000, 0x00000000f1226000, 0x0000000100000000)
   the space 34968K, 100% used [0x00000000ef000000, 0x00000000f1226000, 0x00000000f1226000, 0x00000000f1226000)
 Metaspace       used 2746K, capacity 4562K, committed 4864K, reserved 1056768K
  class space    used 285K, capacity 386K, committed 512K, reserved 1048576K
GC Heap History (10 events):
Event: 1.586 GC heap after
Heap after GC invocations=1 (full 0):
 def new generation   total 8000K, used 831K [0x00000000e6800000, 0x00000000e70a0000, 0x00000000ef000000)
  eden space 7168K,   0% used [0x00000000e6800000, 0x00000000e6800000, 0x00000000e6f00000)
  from space 832K,  99% used [0x00000000e6fd0000, 0x00000000e709fff8, 0x00000000e70a0000)
  to   space 832K,   0% used [0x00000000e6f00000, 0x00000000e6f00000, 0x00000000e6fd0000)
 tenured generation   total 17792K, used 4012K [0x00000000ef000000, 0x00000000f0160000, 0x0000000100000000)
   the space 17792K,  22% used [0x00000000ef000000, 0x00000000ef3eb378, 0x00000000ef3eb400, 0x00000000f0160000)
 Metaspace       used 2746K, capacity 4562K, committed 4864K, reserved 1056768K
  class space    used 285K, capacity 386K, committed 512K, reserved 1048576K
}
Event: 1.630 GC heap before
{Heap before GC invocations=1 (full 0):
 def new generation   total 8000K, used 7999K [0x00000000e6800000, 0x00000000e70a0000, 0x00000000ef000000)
  eden space 7168K, 100% used [0x00000000e6800000, 0x00000000e6f00000, 0x00000000e6f00000)
  from space 832K,  99% used [0x00000000e6fd0000, 0x00000000e709fff8, 0x00000000e70a0000)
  to   space 832K,   0% used [0x00000000e6f00000, 0x00000000e6f00000, 0x00000000e6fd0000)
 tenured generation   total 17792K, used 4012K [0x00000000ef000000, 0x00000000f0160000, 0x0000000100000000)
   the space 17792K,  22% used [0x00000000ef000000, 0x00000000ef3eb378, 0x00000000ef3eb400, 0x00000000f0160000)
 Metaspace       used 2746K, capacity 4562K, committed 4864K, reserved 1056768K
  class space    used 285K, capacity 386K, committed 512K, reserved 1048576K
Event: 1.730 GC heap after
Heap after GC invocations=2 (full 0):
 def new generation   total 8000K, used 831K [0x00000000e6800000, 0x00000000e70a0000, 0x00000000ef000000)
  eden space 7168K,   0% used [0x00000000e6800000, 0x00000000e6800000, 0x00000000e6f00000)
  from space 832K,  99% used [0x00000000e6f00000, 0x00000000e6fcfff8, 0x00000000e6fd0000)
  to   space 832K,   0% used [0x00000000e6fd0000, 0x00000000e6fd0000, 0x00000000e70a0000)
 tenured generation   total 17792K, used 8878K [0x00000000ef000000, 0x00000000f0160000, 0x0000000100000000)
   the space 17792K,  49% used [0x00000000ef000000, 0x00000000ef8abae0, 0x00000000ef8abc00, 0x00000000f0160000)
 Metaspace       used 2746K, capacity 4562K, committed 4864K, reserved 1056768K
  class space    used 285K, capacity 386K, committed 512K, reserved 1048576K
}
Event: 1.777 GC heap before
{Heap before GC invocations=2 (full 0):
 def new generation   total 8000K, used 7999K [0x00000000e6800000, 0x00000000e70a0000, 0x00000000ef000000)
  eden space 7168K, 100% used [0x00000000e6800000, 0x00000000e6f00000, 0x00000000e6f00000)
  from space 832K,  99% used [0x00000000e6f00000, 0x00000000e6fcfff8, 0x00000000e6fd0000)
  to   space 832K,   0% used [0x00000000e6fd0000, 0x00000000e6fd0000, 0x00000000e70a0000)
 tenured generation   total 17792K, used 8878K [0x00000000ef000000, 0x00000000f0160000, 0x0000000100000000)
   the space 17792K,  49% used [0x00000000ef000000, 0x00000000ef8abae0, 0x00000000ef8abc00, 0x00000000f0160000)
 Metaspace       used 2746K, capacity 4562K, committed 4864K, reserved 1056768K
  class space    used 285K, capacity 386K, committed 512K, reserved 1048576K
Event: 1.827 GC heap after
Heap after GC invocations=3 (full 0):
 def new generation   total 8000K, used 832K [0x00000000e6800000, 0x00000000e70a0000, 0x00000000ef000000)
  eden space 7168K,   0% used [0x00000000e6800000, 0x00000000e6800000, 0x00000000e6f00000)
  from space 832K, 100% used [0x00000000e6fd0000, 0x00000000e70a0000, 0x00000000e70a0000)
  to   space 832K,   0% used [0x00000000e6f00000, 0x00000000e6f00000, 0x00000000e6fd0000)
 tenured generation   total 17792K, used 13475K [0x00000000ef000000, 0x00000000f0160000, 0x0000000100000000)
   the space 17792K,  75% used [0x00000000ef000000, 0x00000000efd28f28, 0x00000000efd29000, 0x00000000f0160000)
 Metaspace       used 2746K, capacity 4562K, committed 4864K, reserved 1056768K
  class space    used 285K, capacity 386K, committed 512K, reserved 1048576K
}
Event: 1.906 GC heap before
{Heap before GC invocations=3 (full 0):
 def new generation   total 8000K, used 7713K [0x00000000e6800000, 0x00000000e70a0000, 0x00000000ef000000)
  eden space 7168K,  96% used [0x00000000e6800000, 0x00000000e6eb8540, 0x00000000e6f00000)
  from space 832K, 100% used [0x00000000e6fd0000, 0x00000000e70a0000, 0x00000000e70a0000)
  to   space 832K,   0% used [0x00000000e6f00000, 0x00000000e6f00000, 0x00000000e6fd0000)
 tenured generation   total 17792K, used 13475K [0x00000000ef000000, 0x00000000f0160000, 0x0000000100000000)
   the space 17792K,  75% used [0x00000000ef000000, 0x00000000efd28f28, 0x00000000efd29000, 0x00000000f0160000)
 Metaspace       used 2746K, capacity 4562K, committed 4864K, reserved 1056768K
  class space    used 285K, capacity 386K, committed 512K, reserved 1048576K
Event: 2.461 GC heap after
Heap after GC invocations=4 (full 1):
 def new generation   total 13952K, used 726K [0x00000000e6800000, 0x00000000e7720000, 0x00000000ef000000)
  eden space 12416K,   5% used [0x00000000e6800000, 0x00000000e68b5830, 0x00000000e7420000)
  from space 1536K,   0% used [0x00000000e7420000, 0x00000000e7420000, 0x00000000e75a0000)
  to   space 1536K,   0% used [0x00000000e75a0000, 0x00000000e75a0000, 0x00000000e7720000)
 tenured generation   total 30936K, used 18559K [0x00000000ef000000, 0x00000000f0e36000, 0x0000000100000000)
   the space 30936K,  59% used [0x00000000ef000000, 0x00000000f021fff8, 0x00000000f0220000, 0x00000000f0e36000)
 Metaspace       used 2746K, capacity 4562K, committed 4864K, reserved 1056768K
  class space    used 285K, capacity 386K, committed 512K, reserved 1048576K
}
Event: 2.705 GC heap before
{Heap before GC invocations=4 (full 1):
 def new generation   total 13952K, used 12416K [0x00000000e6800000, 0x00000000e7720000, 0x00000000ef000000)
  eden space 12416K, 100% used [0x00000000e6800000, 0x00000000e7420000, 0x00000000e7420000)
  from space 1536K,   0% used [0x00000000e7420000, 0x00000000e7420000, 0x00000000e75a0000)
  to   space 1536K,   0% used [0x00000000e75a0000, 0x00000000e75a0000, 0x00000000e7720000)
 tenured generation   total 30936K, used 18559K [0x00000000ef000000, 0x00000000f0e36000, 0x0000000100000000)
   the space 30936K,  59% used [0x00000000ef000000, 0x00000000f021fff8, 0x00000000f0220000, 0x00000000f0e36000)
 Metaspace       used 2746K, capacity 4562K, committed 4864K, reserved 1056768K
  class space    used 285K, capacity 386K, committed 512K, reserved 1048576K
Event: 3.252 GC heap after
Heap after GC invocations=5 (full 1):
 def new generation   total 13952K, used 1535K [0x00000000e6800000, 0x00000000e7720000, 0x00000000ef000000)
  eden space 12416K,   0% used [0x00000000e6800000, 0x00000000e6800000, 0x00000000e7420000)
  from space 1536K,  99% used [0x00000000e75a0000, 0x00000000e771fff8, 0x00000000e7720000)
  to   space 1536K,   0% used [0x00000000e7420000, 0x00000000e7420000, 0x00000000e75a0000)
 tenured generation   total 30936K, used 26634K [0x00000000ef000000, 0x00000000f0e36000, 0x0000000100000000)
   the space 30936K,  86% used [0x00000000ef000000, 0x00000000f0a02b48, 0x00000000f0a02c00, 0x00000000f0e36000)
 Metaspace       used 2746K, capacity 4562K, committed 4864K, reserved 1056768K
  class space    used 285K, capacity 386K, committed 512K, reserved 1048576K
}
Event: 4.068 GC heap before
{Heap before GC invocations=5 (full 1):
 def new generation   total 13952K, used 13951K [0x00000000e6800000, 0x00000000e7720000, 0x00000000ef000000)
  eden space 12416K, 100% used [0x00000000e6800000, 0x00000000e7420000, 0x00000000e7420000)
  from space 1536K,  99% used [0x00000000e75a0000, 0x00000000e771fff8, 0x00000000e7720000)
  to   space 1536K,   0% used [0x00000000e7420000, 0x00000000e7420000, 0x00000000e75a0000)
 tenured generation   total 30936K, used 26634K [0x00000000ef000000, 0x00000000f0e36000, 0x0000000100000000)
   the space 30936K,  86% used [0x00000000ef000000, 0x00000000f0a02b48, 0x00000000f0a02c00, 0x00000000f0e36000)
 Metaspace       used 2746K, capacity 4562K, committed 4864K, reserved 1056768K
  class space    used 285K, capacity 386K, committed 512K, reserved 1048576K

