# JRE version: OpenJDK Runtime Environment (8.0_91-b14) (build 1.8.0_91-8u91-b14-0ubuntu4~16.04.1-b14)
# Java VM: OpenJDK 64-Bit Server VM (25.91-b14 mixed mode linux-amd64 compressed oops)
Heap:
 def new generation   total 13568K, used 1347K [0x00000000e6800000, 0x00000000e76b0000, 0x00000000ef000000)
  eden space 12096K,  11% used [0x00000000e6800000, 0x00000000e6950ea0, 0x00000000e73d0000)
  from space 1472K,   0% used [0x00000000e73d0000, 0x00000000e73d0000, 0x00000000e7540000)
  to   space 1472K,   0% used [0x00000000e7540000, 0x00000000e7540000, 0x00000000e76b0000)
 tenured generation   total 34008K, used 34007K [0x00000000ef000000, 0x00000000f1136000, 0x0000000100000000)
   the space 34008K,  99% used [0x00000000ef000000, 0x00000000f1135ff0, 0x00000000f1136000, 0x00000000f1136000)
 Metaspace       used 2749K, capacity 4562K, committed 4864K, reserved 1056768K
  class space    used 285K, capacity 386K, committed 512K, reserved 1048576K
GC Heap History (10 events):
Event: 0.963 GC heap after
Heap after GC invocations=1 (full 0):
 def new generation   total 8000K, used 832K [0x00000000e6800000, 0x00000000e70a0000, 0x00000000ef000000)
  eden space 7168K,   0% used [0x00000000e6800000, 0x00000000e6800000, 0x00000000e6f00000)
  from space 832K, 100% used [0x00000000e6fd0000, 0x00000000e70a0000, 0x00000000e70a0000)
  to   space 832K,   0% used [0x00000000e6f00000, 0x00000000e6f00000, 0x00000000e6fd0000)
 tenured generation   total 17792K, used 3908K [0x00000000ef000000, 0x00000000f0160000, 0x0000000100000000)
   the space 17792K,  21% used [0x00000000ef000000, 0x00000000ef3d1390, 0x00000000ef3d1400, 0x00000000f0160000)
 Metaspace       used 2749K, capacity 4562K, committed 4864K, reserved 1056768K
  class space    used 285K, capacity 386K, committed 512K, reserved 1048576K
}
Event: 1.025 GC heap before
{Heap before GC invocations=1 (full 0):
 def new generation   total 8000K, used 8000K [0x00000000e6800000, 0x00000000e70a0000, 0x00000000ef000000)
  eden space 7168K, 100% used [0x00000000e6800000, 0x00000000e6f00000, 0x00000000e6f00000)
  from space 832K, 100% used [0x00000000e6fd0000, 0x00000000e70a0000, 0x00000000e70a0000)
  to   space 832K,   0% used [0x00000000e6f00000, 0x00000000e6f00000, 0x00000000e6fd0000)
 tenured generation   total 17792K, used 3908K [0x00000000ef000000, 0x00000000f0160000, 0x0000000100000000)
   the space 17792K,  21% used [0x00000000ef000000, 0x00000000ef3d1390, 0x00000000ef3d1400, 0x00000000f0160000)
 Metaspace       used 2749K, capacity 4562K, committed 4864K, reserved 1056768K
  class space    used 285K, capacity 386K, committed 512K, reserved 1048576K
Event: 1.078 GC heap after
Heap after GC invocations=2 (full 0):
 def new generation   total 8000K, used 832K [0x00000000e6800000, 0x00000000e70a0000, 0x00000000ef000000)
  eden space 7168K,   0% used [0x00000000e6800000, 0x00000000e6800000, 0x00000000e6f00000)
  from space 832K, 100% used [0x00000000e6f00000, 0x00000000e6fd0000, 0x00000000e6fd0000)
  to   space 832K,   0% used [0x00000000e6fd0000, 0x00000000e6fd0000, 0x00000000e70a0000)
 tenured generation   total 17792K, used 8725K [0x00000000ef000000, 0x00000000f0160000, 0x0000000100000000)
   the space 17792K,  49% used [0x00000000ef000000, 0x00000000ef8856c8, 0x00000000ef885800, 0x00000000f0160000)
 Metaspace       used 2749K, capacity 4562K, committed 4864K, reserved 1056768K
  class space    used 285K, capacity 386K, committed 512K, reserved 1048576K
}
Event: 1.139 GC heap before
{Heap before GC invocations=2 (full 0):
 def new generation   total 8000K, used 7312K [0x00000000e6800000, 0x00000000e70a0000, 0x00000000ef000000)
  eden space 7168K,  90% used [0x00000000e6800000, 0x00000000e6e54318, 0x00000000e6f00000)
  from space 832K, 100% used [0x00000000e6f00000, 0x00000000e6fd0000, 0x00000000e6fd0000)
  to   space 832K,   0% used [0x00000000e6fd0000, 0x00000000e6fd0000, 0x00000000e70a0000)
 tenured generation   total 17792K, used 8725K [0x00000000ef000000, 0x00000000f0160000, 0x0000000100000000)
   the space 17792K,  49% used [0x00000000ef000000, 0x00000000ef8856c8, 0x00000000ef885800, 0x00000000f0160000)
 Metaspace       used 2749K, capacity 4562K, committed 4864K, reserved 1056768K
  class space    used 285K, capacity 386K, committed 512K, reserved 1048576K
Event: 1.146 GC heap after
Heap after GC invocations=3 (full 0):
 def new generation   total 8000K, used 831K [0x00000000e6800000, 0x00000000e70a0000, 0x00000000ef000000)
  eden space 7168K,   0% used [0x00000000e6800000, 0x00000000e6800000, 0x00000000e6f00000)
  from space 832K,  99% used [0x00000000e6fd0000, 0x00000000e709fff8, 0x00000000e70a0000)
  to   space 832K,   0% used [0x00000000e6f00000, 0x00000000e6f00000, 0x00000000e6fd0000)
 tenured generation   total 17792K, used 13139K [0x00000000ef000000, 0x00000000f0160000, 0x0000000100000000)
   the space 17792K,  73% used [0x00000000ef000000, 0x00000000efcd4e08, 0x00000000efcd5000, 0x00000000f0160000)
 Metaspace       used 2749K, capacity 4562K, committed 4864K, reserved 1056768K
  class space    used 285K, capacity 386K, committed 512K, reserved 1048576K
}
Event: 1.172 GC heap before
{Heap before GC invocations=3 (full 0):
 def new generation   total 8000K, used 7999K [0x00000000e6800000, 0x00000000e70a0000, 0x00000000ef000000)
  eden space 7168K, 100% used [0x00000000e6800000, 0x00000000e6f00000, 0x00000000e6f00000)
  from space 832K,  99% used [0x00000000e6fd0000, 0x00000000e709fff8, 0x00000000e70a0000)
  to   space 832K,   0% used [0x00000000e6f00000, 0x00000000e6f00000, 0x00000000e6fd0000)
 tenured generation   total 17792K, used 13139K [0x00000000ef000000, 0x00000000f0160000, 0x0000000100000000)
   the space 17792K,  73% used [0x00000000ef000000, 0x00000000efcd4e08, 0x00000000efcd5000, 0x00000000f0160000)
 Metaspace       used 2749K, capacity 4562K, committed 4864K, reserved 1056768K
  class space    used 285K, capacity 386K, committed 512K, reserved 1048576K
Event: 1.401 GC heap after
Heap after GC invocations=4 (full 1):
 def new generation   total 13568K, used 830K [0x00000000e6800000, 0x00000000e76b0000, 0x00000000ef000000)
  eden space 12096K,   6% used [0x00000000e6800000, 0x00000000e68cfa68, 0x00000000e73d0000)
  from space 1472K,   0% used [0x00000000e73d0000, 0x00000000e73d0000, 0x00000000e7540000)
  to   space 1472K,   0% used [0x00000000e7540000, 0x00000000e7540000, 0x00000000e76b0000)
 tenured generation   total 29976K, used 17984K [0x00000000ef000000, 0x00000000f0d46000, 0x0000000100000000)
   the space 29976K,  59% used [0x00000000ef000000, 0x00000000f0190000, 0x00000000f0190000, 0x00000000f0d46000)
 Metaspace       used 2749K, capacity 4562K, committed 4864K, reserved 1056768K
  class space    used 285K, capacity 386K, committed 512K, reserved 1048576K
}
Event: 1.416 GC heap before
{Heap before GC invocations=4 (full 1):
 def new generation   total 13568K, used 12096K [0x00000000e6800000, 0x00000000e76b0000, 0x00000000ef000000)
  eden space 12096K, 100% used [0x00000000e6800000, 0x00000000e73d0000, 0x00000000e73d0000)
  from space 1472K,   0% used [0x00000000e73d0000, 0x00000000e73d0000, 0x00000000e7540000)
  to   space 1472K,   0% used [0x00000000e7540000, 0x00000000e7540000, 0x00000000e76b0000)
 tenured generation   total 29976K, used 17984K [0x00000000ef000000, 0x00000000f0d46000, 0x0000000100000000)
   the space 29976K,  59% used [0x00000000ef000000, 0x00000000f0190000, 0x00000000f0190000, 0x00000000f0d46000)
 Metaspace       used 2749K, capacity 4562K, committed 4864K, reserved 1056768K
  class space    used 285K, capacity 386K, committed 512K, reserved 1048576K
Event: 1.535 GC heap after
Heap after GC invocations=5 (full 1):
 def new generation   total 13568K, used 1471K [0x00000000e6800000, 0x00000000e76b0000, 0x00000000ef000000)
  eden space 12096K,   0% used [0x00000000e6800000, 0x00000000e6800000, 0x00000000e73d0000)
  from space 1472K,  99% used [0x00000000e7540000, 0x00000000e76afff8, 0x00000000e76b0000)
  to   space 1472K,   0% used [0x00000000e73d0000, 0x00000000e73d0000, 0x00000000e7540000)
 tenured generation   total 29976K, used 25918K [0x00000000ef000000, 0x00000000f0d46000, 0x0000000100000000)
   the space 29976K,  86% used [0x00000000ef000000, 0x00000000f094f978, 0x00000000f094fa00, 0x00000000f0d46000)
 Metaspace       used 2749K, capacity 4562K, committed 4864K, reserved 1056768K
  class space    used 285K, capacity 386K, committed 512K, reserved 1048576K
}
Event: 1.635 GC heap before
{Heap before GC invocations=5 (full 1):
 def new generation   total 13568K, used 13567K [0x00000000e6800000, 0x00000000e76b0000, 0x00000000ef000000)
  eden space 12096K, 100% used [0x00000000e6800000, 0x00000000e73d0000, 0x00000000e73d0000)
  from space 1472K,  99% used [0x00000000e7540000, 0x00000000e76afff8, 0x00000000e76b0000)
  to   space 1472K,   0% used [0x00000000e73d0000, 0x00000000e73d0000, 0x00000000e7540000)
 tenured generation   total 29976K, used 25918K [0x00000000ef000000, 0x00000000f0d46000, 0x0000000100000000)
   the space 29976K,  86% used [0x00000000ef000000, 0x00000000f094f978, 0x00000000f094fa00, 0x00000000f0d46000)
 Metaspace       used 2749K, capacity 4562K, committed 4864K, reserved 1056768K
  class space    used 285K, capacity 386K, committed 512K, reserved 1048576K

